  Running UnrealBuildTool: dotnet "..\..\Engine\Binaries\DotNET\UnrealBuildTool\UnrealBuildTool.dll" Codename_LostEditor Win64 Development -Project="C:\Github\GDES705_Final_Project\Codename_Lost\Codename_Lost.uproject" -WaitMutex -FromMsBuild
  Log file: C:\Users\morga\AppData\Local\UnrealBuildTool\Log.txt
  Using 'git status' to determine working set for adaptive non-unity build (C:\Github\GDES705_Final_Project).
  Invalidating makefile for Codename_LostEditor (working set of source files changed)
  Parsing headers for Codename_LostEditor
    Running Internal UnrealHeaderTool C:\Github\GDES705_Final_Project\Codename_Lost\Codename_Lost.uproject C:\Github\GDES705_Final_Project\Codename_Lost\Intermediate\Build\Win64\Codename_LostEditor\Development\Codename_LostEditor.uhtmanifest -WarningsAsErrors -installed
  Total of 2 written
  Reflection code generated for Codename_LostEditor in 3.2280395 seconds
  Building Codename_LostEditor...
  Using Visual Studio 2019 14.29.30151 toolchain (C:\Program Files (x86)\Microsoft Visual Studio\2019\Community\VC\Tools\MSVC\14.29.30133) and Windows 10.0.19041.0 SDK (C:\Program Files (x86)\Windows Kits\10).
  [Adaptive Build] Excluded from Codename_Lost unity file: CharacterController.cpp, Gun.cpp, MyInputConfigData.cpp
  Determining max actions to execute in parallel (8 physical cores, 16 logical cores)
    Executing up to 8 processes, one per physical core
    Requested 1.5 GB free memory per action, 2.54 GB available: limiting max parallel actions to 1
  Building 7 actions with 1 process...
  [1/7] Compile Gun.gen.cpp
  [2/7] Compile Codename_Lost.init.gen.cpp
  [3/7] Compile CharacterController.cpp
  [4/7] Compile Gun.cpp
  [5/7] Link UnrealEditor-Codename_Lost-0017.dll
     Creating library C:\Github\GDES705_Final_Project\Codename_Lost\Intermediate\Build\Win64\UnrealEditor\Development\Codename_Lost\UnrealEditor-Codename_Lost-0017.suppressed.lib and object C:\Github\GDES705_Final_Project\Codename_Lost\Intermediate\Build\Win64\UnrealEditor\Development\Codename_Lost\UnrealEditor-Codename_Lost-0017.suppressed.exp
  [6/7] Link UnrealEditor-Codename_Lost-0017.lib
     Creating library C:\Github\GDES705_Final_Project\Codename_Lost\Intermediate\Build\Win64\UnrealEditor\Development\Codename_Lost\UnrealEditor-Codename_Lost-0017.lib and object C:\Github\GDES705_Final_Project\Codename_Lost\Intermediate\Build\Win64\UnrealEditor\Development\Codename_Lost\UnrealEditor-Codename_Lost-0017.exp
  [7/7] WriteMetadata Codename_LostEditor.target
  Total time in Parallel executor: 123.57 seconds
  Total execution time: 131.94 seconds
